# JRE version: OpenJDK Runtime Environment (11.0.11+9) (build 11.0.11+9-b60-7590822)
# Java VM: OpenJDK 64-Bit Server VM (11.0.11+9-b60-7590822, mixed mode, tiered, compressed oops, g1 gc, windows-amd64)
Heap:
 garbage-first heap   total 231424K, used 178920K [0x0000000080000000, 0x0000000100000000)
  region size 1024K, 56 young (57344K), 5 survivors (5120K)
 Metaspace       used 114481K, capacity 117371K, committed 117496K, reserved 1150976K
  class space    used 14243K, capacity 15293K, committed 15308K, reserved 1048576K
GC Heap History (20 events):
Event: 118.476 GC heap before
{Heap before GC invocations=74 (full 0):
 garbage-first heap   total 231424K, used 193257K [0x0000000080000000, 0x0000000100000000)
  region size 1024K, 88 young (90112K), 10 survivors (10240K)
 Metaspace       used 99516K, capacity 101984K, committed 102008K, reserved 1138688K
  class space    used 12542K, capacity 13375K, committed 13388K, reserved 1048576K
}
Event: 118.497 GC heap after
{Heap after GC invocations=75 (full 0):
 garbage-first heap   total 231424K, used 113767K [0x0000000080000000, 0x0000000100000000)
  region size 1024K, 4 young (4096K), 4 survivors (4096K)
 Metaspace       used 99516K, capacity 101984K, committed 102008K, reserved 1138688K
  class space    used 12542K, capacity 13375K, committed 13388K, reserved 1048576K
}
Event: 151.714 GC heap before
{Heap before GC invocations=76 (full 0):
 garbage-first heap   total 231424K, used 195687K [0x0000000080000000, 0x0000000100000000)
  region size 1024K, 85 young (87040K), 4 survivors (4096K)
 Metaspace       used 99758K, capacity 102148K, committed 102264K, reserved 1138688K
  class space    used 12568K, capacity 13383K, committed 13388K, reserved 1048576K
}
Event: 151.726 GC heap after
{Heap after GC invocations=77 (full 0):
 garbage-first heap   total 231424K, used 112958K [0x0000000080000000, 0x0000000100000000)
  region size 1024K, 3 young (3072K), 3 survivors (3072K)
 Metaspace       used 99758K, capacity 102148K, committed 102264K, reserved 1138688K
  class space    used 12568K, capacity 13383K, committed 13388K, reserved 1048576K
}
Event: 176.577 GC heap before
{Heap before GC invocations=77 (full 0):
 garbage-first heap   total 231424K, used 197950K [0x0000000080000000, 0x0000000100000000)
  region size 1024K, 86 young (88064K), 3 survivors (3072K)
 Metaspace       used 102492K, capacity 104928K, committed 105208K, reserved 1140736K
  class space    used 12857K, capacity 13691K, committed 13772K, reserved 1048576K
}
Event: 176.582 GC heap after
{Heap after GC invocations=78 (full 0):
 garbage-first heap   total 231424K, used 112885K [0x0000000080000000, 0x0000000100000000)
  region size 1024K, 3 young (3072K), 3 survivors (3072K)
 Metaspace       used 102492K, capacity 104928K, committed 105208K, reserved 1140736K
  class space    used 12857K, capacity 13691K, committed 13772K, reserved 1048576K
}
Event: 191.812 GC heap before
{Heap before GC invocations=79 (full 0):
 garbage-first heap   total 231424K, used 197877K [0x0000000080000000, 0x0000000100000000)
  region size 1024K, 87 young (89088K), 3 survivors (3072K)
 Metaspace       used 107674K, capacity 110185K, committed 110456K, reserved 1144832K
  class space    used 13419K, capacity 14297K, committed 14412K, reserved 1048576K
}
Event: 191.825 GC heap after
{Heap after GC invocations=80 (full 0):
 garbage-first heap   total 231424K, used 116840K [0x0000000080000000, 0x0000000100000000)
  region size 1024K, 7 young (7168K), 7 survivors (7168K)
 Metaspace       used 107674K, capacity 110185K, committed 110456K, reserved 1144832K
  class space    used 13419K, capacity 14297K, committed 14412K, reserved 1048576K
}
Event: 204.495 GC heap before
{Heap before GC invocations=80 (full 0):
 garbage-first heap   total 231424K, used 196712K [0x0000000080000000, 0x0000000100000000)
  region size 1024K, 86 young (88064K), 7 survivors (7168K)
 Metaspace       used 109021K, capacity 111671K, committed 111992K, reserved 1146880K
  class space    used 13612K, capacity 14561K, committed 14668K, reserved 1048576K
}
Event: 204.517 GC heap after
{Heap after GC invocations=81 (full 0):
 garbage-first heap   total 231424K, used 119041K [0x0000000080000000, 0x0000000100000000)
  region size 1024K, 8 young (8192K), 8 survivors (8192K)
 Metaspace       used 109021K, capacity 111671K, committed 111992K, reserved 1146880K
  class space    used 13612K, capacity 14561K, committed 14668K, reserved 1048576K
}
Event: 212.122 GC heap before
{Heap before GC invocations=82 (full 0):
 garbage-first heap   total 231424K, used 197889K [0x0000000080000000, 0x0000000100000000)
  region size 1024K, 86 young (88064K), 8 survivors (8192K)
 Metaspace       used 110178K, capacity 112909K, committed 113016K, reserved 1148928K
  class space    used 13716K, capacity 14661K, committed 14668K, reserved 1048576K
}
Event: 212.146 GC heap after
{Heap after GC invocations=83 (full 0):
 garbage-first heap   total 231424K, used 121539K [0x0000000080000000, 0x0000000100000000)
  region size 1024K, 6 young (6144K), 6 survivors (6144K)
 Metaspace       used 110178K, capacity 112909K, committed 113016K, reserved 1148928K
  class space    used 13716K, capacity 14661K, committed 14668K, reserved 1048576K
}
Event: 220.272 GC heap before
{Heap before GC invocations=83 (full 0):
 garbage-first heap   total 231424K, used 166595K [0x0000000080000000, 0x0000000100000000)
  region size 1024K, 52 young (53248K), 6 survivors (6144K)
 Metaspace       used 110709K, capacity 113410K, committed 113656K, reserved 1148928K
  class space    used 13737K, capacity 14705K, committed 14796K, reserved 1048576K
}
Event: 220.285 GC heap after
{Heap after GC invocations=84 (full 0):
 garbage-first heap   total 231424K, used 122480K [0x0000000080000000, 0x0000000100000000)
  region size 1024K, 7 young (7168K), 7 survivors (7168K)
 Metaspace       used 110709K, capacity 113410K, committed 113656K, reserved 1148928K
  class space    used 13737K, capacity 14705K, committed 14796K, reserved 1048576K
}
Event: 221.115 GC heap before
{Heap before GC invocations=85 (full 0):
 garbage-first heap   total 231424K, used 199280K [0x0000000080000000, 0x0000000100000000)
  region size 1024K, 80 young (81920K), 7 survivors (7168K)
 Metaspace       used 111108K, capacity 113730K, committed 113912K, reserved 1148928K
  class space    used 13756K, capacity 14705K, committed 14796K, reserved 1048576K
}
Event: 221.133 GC heap after
{Heap after GC invocations=86 (full 0):
 garbage-first heap   total 231424K, used 127475K [0x0000000080000000, 0x0000000100000000)
  region size 1024K, 7 young (7168K), 7 survivors (7168K)
 Metaspace       used 111108K, capacity 113730K, committed 113912K, reserved 1148928K
  class space    used 13756K, capacity 14705K, committed 14796K, reserved 1048576K
}
Event: 221.641 GC heap before
{Heap before GC invocations=86 (full 0):
 garbage-first heap   total 231424K, used 199155K [0x0000000080000000, 0x0000000100000000)
  region size 1024K, 77 young (78848K), 7 survivors (7168K)
 Metaspace       used 111110K, capacity 113730K, committed 113912K, reserved 1148928K
  class space    used 13756K, capacity 14705K, committed 14796K, reserved 1048576K
}
Event: 221.652 GC heap after
{Heap after GC invocations=87 (full 0):
 garbage-first heap   total 231424K, used 127734K [0x0000000080000000, 0x0000000100000000)
  region size 1024K, 5 young (5120K), 5 survivors (5120K)
 Metaspace       used 111110K, capacity 113730K, committed 113912K, reserved 1148928K
  class space    used 13756K, capacity 14705K, committed 14796K, reserved 1048576K
}
Event: 222.215 GC heap before
{Heap before GC invocations=88 (full 0):
 garbage-first heap   total 231424K, used 199414K [0x0000000080000000, 0x0000000100000000)
  region size 1024K, 75 young (76800K), 5 survivors (5120K)
 Metaspace       used 111122K, capacity 113750K, committed 113912K, reserved 1148928K
  class space    used 13757K, capacity 14735K, committed 14796K, reserved 1048576K
}
Event: 222.226 GC heap after
{Heap after GC invocations=89 (full 0):
 garbage-first heap   total 231424K, used 127720K [0x0000000080000000, 0x0000000100000000)
  region size 1024K, 5 young (5120K), 5 survivors (5120K)
 Metaspace       used 111122K, capacity 113750K, committed 113912K, reserved 1148928K
  class space    used 13757K, capacity 14735K, committed 14796K, reserved 1048576K
}

