# JRE version: OpenJDK Runtime Environment (11.0.11+9) (build 11.0.11+9-b60-7590822)
# Java VM: OpenJDK 64-Bit Server VM (11.0.11+9-b60-7590822, mixed mode, tiered, compressed oops, g1 gc, windows-amd64)
Heap:
 garbage-first heap   total 278528K, used 98493K [0x0000000080000000, 0x0000000100000000)
  region size 1024K, 35 young (35840K), 2 survivors (2048K)
 Metaspace       used 51547K, capacity 53080K, committed 53376K, reserved 1095680K
  class space    used 6461K, capacity 6964K, committed 7040K, reserved 1048576K
GC Heap History (20 events):
Event: 19.684 GC heap before
{Heap before GC invocations=53 (full 0):
 garbage-first heap   total 231424K, used 191185K [0x0000000080000000, 0x0000000100000000)
  region size 1024K, 131 young (134144K), 9 survivors (9216K)
 Metaspace       used 48897K, capacity 50268K, committed 50304K, reserved 1093632K
  class space    used 6267K, capacity 6759K, committed 6784K, reserved 1048576K
}
Event: 19.696 GC heap after
{Heap after GC invocations=54 (full 0):
 garbage-first heap   total 231424K, used 66099K [0x0000000080000000, 0x0000000100000000)
  region size 1024K, 9 young (9216K), 9 survivors (9216K)
 Metaspace       used 48897K, capacity 50268K, committed 50304K, reserved 1093632K
  class space    used 6267K, capacity 6759K, committed 6784K, reserved 1048576K
}
Event: 20.250 GC heap before
{Heap before GC invocations=54 (full 0):
 garbage-first heap   total 231424K, used 191027K [0x0000000080000000, 0x0000000100000000)
  region size 1024K, 132 young (135168K), 9 survivors (9216K)
 Metaspace       used 48899K, capacity 50269K, committed 50304K, reserved 1093632K
  class space    used 6267K, capacity 6759K, committed 6784K, reserved 1048576K
}
Event: 20.263 GC heap after
{Heap after GC invocations=55 (full 0):
 garbage-first heap   total 231424K, used 65850K [0x0000000080000000, 0x0000000100000000)
  region size 1024K, 9 young (9216K), 9 survivors (9216K)
 Metaspace       used 48899K, capacity 50269K, committed 50304K, reserved 1093632K
  class space    used 6267K, capacity 6759K, committed 6784K, reserved 1048576K
}
Event: 21.072 GC heap before
{Heap before GC invocations=55 (full 0):
 garbage-first heap   total 231424K, used 193850K [0x0000000080000000, 0x0000000100000000)
  region size 1024K, 134 young (137216K), 9 survivors (9216K)
 Metaspace       used 48902K, capacity 50269K, committed 50304K, reserved 1093632K
  class space    used 6267K, capacity 6759K, committed 6784K, reserved 1048576K
}
Event: 21.087 GC heap after
{Heap after GC invocations=56 (full 0):
 garbage-first heap   total 278528K, used 67370K [0x0000000080000000, 0x0000000100000000)
  region size 1024K, 10 young (10240K), 10 survivors (10240K)
 Metaspace       used 48902K, capacity 50269K, committed 50304K, reserved 1093632K
  class space    used 6267K, capacity 6759K, committed 6784K, reserved 1048576K
}
Event: 22.467 GC heap before
{Heap before GC invocations=56 (full 0):
 garbage-first heap   total 278528K, used 223018K [0x0000000080000000, 0x0000000100000000)
  region size 1024K, 163 young (166912K), 10 survivors (10240K)
 Metaspace       used 48905K, capacity 50269K, committed 50304K, reserved 1093632K
  class space    used 6267K, capacity 6759K, committed 6784K, reserved 1048576K
}
Event: 22.486 GC heap after
{Heap after GC invocations=57 (full 0):
 garbage-first heap   total 278528K, used 68791K [0x0000000080000000, 0x0000000100000000)
  region size 1024K, 11 young (11264K), 11 survivors (11264K)
 Metaspace       used 48905K, capacity 50269K, committed 50304K, reserved 1093632K
  class space    used 6267K, capacity 6759K, committed 6784K, reserved 1048576K
}
Event: 24.041 GC heap before
{Heap before GC invocations=57 (full 0):
 garbage-first heap   total 278528K, used 224439K [0x0000000080000000, 0x0000000100000000)
  region size 1024K, 163 young (166912K), 11 survivors (11264K)
 Metaspace       used 48906K, capacity 50269K, committed 50304K, reserved 1093632K
  class space    used 6267K, capacity 6759K, committed 6784K, reserved 1048576K
}
Event: 24.058 GC heap after
{Heap after GC invocations=58 (full 0):
 garbage-first heap   total 278528K, used 70403K [0x0000000080000000, 0x0000000100000000)
  region size 1024K, 13 young (13312K), 13 survivors (13312K)
 Metaspace       used 48906K, capacity 50269K, committed 50304K, reserved 1093632K
  class space    used 6267K, capacity 6759K, committed 6784K, reserved 1048576K
}
Event: 25.555 GC heap before
{Heap before GC invocations=58 (full 0):
 garbage-first heap   total 278528K, used 224003K [0x0000000080000000, 0x0000000100000000)
  region size 1024K, 163 young (166912K), 13 survivors (13312K)
 Metaspace       used 48906K, capacity 50269K, committed 50304K, reserved 1093632K
  class space    used 6267K, capacity 6759K, committed 6784K, reserved 1048576K
}
Event: 25.576 GC heap after
{Heap after GC invocations=59 (full 0):
 garbage-first heap   total 278528K, used 72057K [0x0000000080000000, 0x0000000100000000)
  region size 1024K, 12 young (12288K), 12 survivors (12288K)
 Metaspace       used 48906K, capacity 50269K, committed 50304K, reserved 1093632K
  class space    used 6267K, capacity 6759K, committed 6784K, reserved 1048576K
}
Event: 26.370 GC heap before
{Heap before GC invocations=59 (full 0):
 garbage-first heap   total 278528K, used 225657K [0x0000000080000000, 0x0000000100000000)
  region size 1024K, 163 young (166912K), 12 survivors (12288K)
 Metaspace       used 48907K, capacity 50269K, committed 50304K, reserved 1093632K
  class space    used 6267K, capacity 6759K, committed 6784K, reserved 1048576K
}
Event: 26.385 GC heap after
{Heap after GC invocations=60 (full 0):
 garbage-first heap   total 278528K, used 72569K [0x0000000080000000, 0x0000000100000000)
  region size 1024K, 12 young (12288K), 12 survivors (12288K)
 Metaspace       used 48907K, capacity 50269K, committed 50304K, reserved 1093632K
  class space    used 6267K, capacity 6759K, committed 6784K, reserved 1048576K
}
Event: 28.034 GC heap before
{Heap before GC invocations=60 (full 0):
 garbage-first heap   total 278528K, used 230265K [0x0000000080000000, 0x0000000100000000)
  region size 1024K, 163 young (166912K), 12 survivors (12288K)
 Metaspace       used 48925K, capacity 50270K, committed 50304K, reserved 1093632K
  class space    used 6267K, capacity 6759K, committed 6784K, reserved 1048576K
}
Event: 28.042 GC heap after
{Heap after GC invocations=61 (full 0):
 garbage-first heap   total 278528K, used 66809K [0x0000000080000000, 0x0000000100000000)
  region size 1024K, 3 young (3072K), 3 survivors (3072K)
 Metaspace       used 48925K, capacity 50270K, committed 50304K, reserved 1093632K
  class space    used 6267K, capacity 6759K, committed 6784K, reserved 1048576K
}
Event: 28.884 GC heap before
{Heap before GC invocations=61 (full 0):
 garbage-first heap   total 278528K, used 230649K [0x0000000080000000, 0x0000000100000000)
  region size 1024K, 163 young (166912K), 3 survivors (3072K)
 Metaspace       used 48925K, capacity 50270K, committed 50304K, reserved 1093632K
  class space    used 6267K, capacity 6759K, committed 6784K, reserved 1048576K
}
Event: 28.891 GC heap after
{Heap after GC invocations=62 (full 0):
 garbage-first heap   total 278528K, used 68857K [0x0000000080000000, 0x0000000100000000)
  region size 1024K, 5 young (5120K), 5 survivors (5120K)
 Metaspace       used 48925K, capacity 50270K, committed 50304K, reserved 1093632K
  class space    used 6267K, capacity 6759K, committed 6784K, reserved 1048576K
}
Event: 30.006 GC heap before
{Heap before GC invocations=62 (full 0):
 garbage-first heap   total 278528K, used 232697K [0x0000000080000000, 0x0000000100000000)
  region size 1024K, 163 young (166912K), 5 survivors (5120K)
 Metaspace       used 49036K, capacity 50401K, committed 50560K, reserved 1093632K
  class space    used 6268K, capacity 6759K, committed 6784K, reserved 1048576K
}
Event: 30.009 GC heap after
{Heap after GC invocations=63 (full 0):
 garbage-first heap   total 278528K, used 65725K [0x0000000080000000, 0x0000000100000000)
  region size 1024K, 2 young (2048K), 2 survivors (2048K)
 Metaspace       used 49036K, capacity 50401K, committed 50560K, reserved 1093632K
  class space    used 6268K, capacity 6759K, committed 6784K, reserved 1048576K
}

