# JRE version: OpenJDK Runtime Environment (11.0.11+9) (build 11.0.11+9-b60-7590822)
# Java VM: OpenJDK 64-Bit Server VM (11.0.11+9-b60-7590822, mixed mode, tiered, compressed oops, g1 gc, windows-amd64)
Heap:
 garbage-first heap   total 159744K, used 128902K [0x0000000080000000, 0x0000000100000000)
  region size 1024K, 13 young (13312K), 3 survivors (3072K)
 Metaspace       used 102066K, capacity 104818K, committed 104980K, reserved 1140736K
  class space    used 12974K, capacity 13935K, committed 14028K, reserved 1048576K
GC Heap History (20 events):
Event: 35.085 GC heap before
{Heap before GC invocations=36 (full 0):
 garbage-first heap   total 159744K, used 141080K [0x0000000080000000, 0x0000000100000000)
  region size 1024K, 46 young (47104K), 6 survivors (6144K)
 Metaspace       used 84901K, capacity 87268K, committed 87316K, reserved 1124352K
  class space    used 10875K, capacity 11700K, committed 11724K, reserved 1048576K
}
Event: 35.103 GC heap after
{Heap after GC invocations=37 (full 0):
 garbage-first heap   total 159744K, used 108276K [0x0000000080000000, 0x0000000100000000)
  region size 1024K, 6 young (6144K), 6 survivors (6144K)
 Metaspace       used 84901K, capacity 87268K, committed 87316K, reserved 1124352K
  class space    used 10875K, capacity 11700K, committed 11724K, reserved 1048576K
}
Event: 35.644 GC heap before
{Heap before GC invocations=37 (full 0):
 garbage-first heap   total 159744K, used 135924K [0x0000000080000000, 0x0000000100000000)
  region size 1024K, 33 young (33792K), 6 survivors (6144K)
 Metaspace       used 86899K, capacity 89282K, committed 89364K, reserved 1126400K
  class space    used 11137K, capacity 11961K, committed 11980K, reserved 1048576K
}
Event: 35.655 GC heap after
{Heap after GC invocations=38 (full 0):
 garbage-first heap   total 159744K, used 110378K [0x0000000080000000, 0x0000000100000000)
  region size 1024K, 2 young (2048K), 2 survivors (2048K)
 Metaspace       used 86899K, capacity 89282K, committed 89364K, reserved 1126400K
  class space    used 11137K, capacity 11961K, committed 11980K, reserved 1048576K
}
Event: 36.416 GC heap before
{Heap before GC invocations=39 (full 0):
 garbage-first heap   total 159744K, used 132906K [0x0000000080000000, 0x0000000100000000)
  region size 1024K, 26 young (26624K), 2 survivors (2048K)
 Metaspace       used 89315K, capacity 91710K, committed 92052K, reserved 1128448K
  class space    used 11437K, capacity 12255K, committed 12364K, reserved 1048576K
}
Event: 36.425 GC heap after
{Heap after GC invocations=40 (full 0):
 garbage-first heap   total 159744K, used 111428K [0x0000000080000000, 0x0000000100000000)
  region size 1024K, 3 young (3072K), 3 survivors (3072K)
 Metaspace       used 89315K, capacity 91710K, committed 92052K, reserved 1128448K
  class space    used 11437K, capacity 12255K, committed 12364K, reserved 1048576K
}
Event: 37.023 GC heap before
{Heap before GC invocations=41 (full 0):
 garbage-first heap   total 159744K, used 138052K [0x0000000080000000, 0x0000000100000000)
  region size 1024K, 28 young (28672K), 3 survivors (3072K)
 Metaspace       used 92644K, capacity 94988K, committed 95252K, reserved 1132544K
  class space    used 11839K, capacity 12656K, committed 12748K, reserved 1048576K
}
Event: 37.032 GC heap after
{Heap after GC invocations=42 (full 0):
 garbage-first heap   total 159744K, used 112049K [0x0000000080000000, 0x0000000100000000)
  region size 1024K, 2 young (2048K), 2 survivors (2048K)
 Metaspace       used 92644K, capacity 94988K, committed 95252K, reserved 1132544K
  class space    used 11839K, capacity 12656K, committed 12748K, reserved 1048576K
}
Event: 37.605 GC heap before
{Heap before GC invocations=42 (full 0):
 garbage-first heap   total 159744K, used 136625K [0x0000000080000000, 0x0000000100000000)
  region size 1024K, 27 young (27648K), 2 survivors (2048K)
 Metaspace       used 96756K, capacity 99162K, committed 99348K, reserved 1136640K
  class space    used 12308K, capacity 13125K, committed 13260K, reserved 1048576K
}
Event: 37.613 GC heap after
{Heap after GC invocations=43 (full 0):
 garbage-first heap   total 159744K, used 113244K [0x0000000080000000, 0x0000000100000000)
  region size 1024K, 4 young (4096K), 4 survivors (4096K)
 Metaspace       used 96756K, capacity 99162K, committed 99348K, reserved 1136640K
  class space    used 12308K, capacity 13125K, committed 13260K, reserved 1048576K
}
Event: 38.552 GC heap before
{Heap before GC invocations=44 (full 0):
 garbage-first heap   total 159744K, used 137820K [0x0000000080000000, 0x0000000100000000)
  region size 1024K, 28 young (28672K), 4 survivors (4096K)
 Metaspace       used 98331K, capacity 100908K, committed 101012K, reserved 1136640K
  class space    used 12495K, capacity 13354K, committed 13388K, reserved 1048576K
}
Event: 38.566 GC heap after
{Heap after GC invocations=45 (full 0):
 garbage-first heap   total 159744K, used 115575K [0x0000000080000000, 0x0000000100000000)
  region size 1024K, 4 young (4096K), 4 survivors (4096K)
 Metaspace       used 98331K, capacity 100908K, committed 101012K, reserved 1136640K
  class space    used 12495K, capacity 13354K, committed 13388K, reserved 1048576K
}
Event: 39.252 GC heap before
{Heap before GC invocations=45 (full 0):
 garbage-first heap   total 159744K, used 137079K [0x0000000080000000, 0x0000000100000000)
  region size 1024K, 26 young (26624K), 4 survivors (4096K)
 Metaspace       used 99233K, capacity 101951K, committed 102036K, reserved 1138688K
  class space    used 12679K, capacity 13599K, committed 13644K, reserved 1048576K
}
Event: 39.273 GC heap after
{Heap after GC invocations=46 (full 0):
 garbage-first heap   total 159744K, used 117036K [0x0000000080000000, 0x0000000100000000)
  region size 1024K, 2 young (2048K), 2 survivors (2048K)
 Metaspace       used 99233K, capacity 101951K, committed 102036K, reserved 1138688K
  class space    used 12679K, capacity 13599K, committed 13644K, reserved 1048576K
}
Event: 39.999 GC heap before
{Heap before GC invocations=47 (full 0):
 garbage-first heap   total 159744K, used 137516K [0x0000000080000000, 0x0000000100000000)
  region size 1024K, 23 young (23552K), 2 survivors (2048K)
 Metaspace       used 99367K, capacity 102093K, committed 102292K, reserved 1138688K
  class space    used 12679K, capacity 13599K, committed 13644K, reserved 1048576K
}
Event: 40.007 GC heap after
{Heap after GC invocations=48 (full 0):
 garbage-first heap   total 159744K, used 118032K [0x0000000080000000, 0x0000000100000000)
  region size 1024K, 3 young (3072K), 3 survivors (3072K)
 Metaspace       used 99367K, capacity 102093K, committed 102292K, reserved 1138688K
  class space    used 12679K, capacity 13599K, committed 13644K, reserved 1048576K
}
Event: 40.456 GC heap before
{Heap before GC invocations=48 (full 0):
 garbage-first heap   total 159744K, used 137488K [0x0000000080000000, 0x0000000100000000)
  region size 1024K, 23 young (23552K), 3 survivors (3072K)
 Metaspace       used 99843K, capacity 102515K, committed 102676K, reserved 1138688K
  class space    used 12724K, capacity 13648K, committed 13772K, reserved 1048576K
}
Event: 40.463 GC heap after
{Heap after GC invocations=49 (full 0):
 garbage-first heap   total 159744K, used 119461K [0x0000000080000000, 0x0000000100000000)
  region size 1024K, 3 young (3072K), 3 survivors (3072K)
 Metaspace       used 99843K, capacity 102515K, committed 102676K, reserved 1138688K
  class space    used 12724K, capacity 13648K, committed 13772K, reserved 1048576K
}
Event: 41.076 GC heap before
{Heap before GC invocations=50 (full 0):
 garbage-first heap   total 159744K, used 137893K [0x0000000080000000, 0x0000000100000000)
  region size 1024K, 22 young (22528K), 3 survivors (3072K)
 Metaspace       used 100602K, capacity 103323K, committed 103444K, reserved 1138688K
  class space    used 12790K, capacity 13735K, committed 13772K, reserved 1048576K
}
Event: 41.086 GC heap after
{Heap after GC invocations=51 (full 0):
 garbage-first heap   total 159744K, used 120710K [0x0000000080000000, 0x0000000100000000)
  region size 1024K, 3 young (3072K), 3 survivors (3072K)
 Metaspace       used 100602K, capacity 103323K, committed 103444K, reserved 1138688K
  class space    used 12790K, capacity 13735K, committed 13772K, reserved 1048576K
}

