# JRE version: OpenJDK Runtime Environment (11.0.11+9) (build 11.0.11+9-b60-7590822)
# Java VM: OpenJDK 64-Bit Server VM (11.0.11+9-b60-7590822, mixed mode, tiered, compressed oops, g1 gc, windows-amd64)
Heap:
 garbage-first heap   total 133120K, used 90193K [0x0000000080000000, 0x0000000100000000)
  region size 1024K, 48 young (49152K), 5 survivors (5120K)
 Metaspace       used 64693K, capacity 66106K, committed 66456K, reserved 1107968K
  class space    used 7933K, capacity 8460K, committed 8600K, reserved 1048576K
GC Heap History (20 events):
Event: 115.226 GC heap before
{Heap before GC invocations=24 (full 0):
 garbage-first heap   total 133120K, used 106657K [0x0000000080000000, 0x0000000100000000)
  region size 1024K, 69 young (70656K), 5 survivors (5120K)
 Metaspace       used 64139K, capacity 65533K, committed 65816K, reserved 1105920K
  class space    used 7915K, capacity 8423K, committed 8472K, reserved 1048576K
}
Event: 115.241 GC heap after
{Heap after GC invocations=25 (full 0):
 garbage-first heap   total 133120K, used 41924K [0x0000000080000000, 0x0000000100000000)
  region size 1024K, 4 young (4096K), 4 survivors (4096K)
 Metaspace       used 64139K, capacity 65533K, committed 65816K, reserved 1105920K
  class space    used 7915K, capacity 8423K, committed 8472K, reserved 1048576K
}
Event: 137.048 GC heap before
{Heap before GC invocations=25 (full 0):
 garbage-first heap   total 133120K, used 107460K [0x0000000080000000, 0x0000000100000000)
  region size 1024K, 69 young (70656K), 4 survivors (4096K)
 Metaspace       used 64172K, capacity 65601K, committed 65816K, reserved 1105920K
  class space    used 7915K, capacity 8423K, committed 8472K, reserved 1048576K
}
Event: 137.058 GC heap after
{Heap after GC invocations=26 (full 0):
 garbage-first heap   total 133120K, used 41776K [0x0000000080000000, 0x0000000100000000)
  region size 1024K, 4 young (4096K), 4 survivors (4096K)
 Metaspace       used 64172K, capacity 65601K, committed 65816K, reserved 1105920K
  class space    used 7915K, capacity 8423K, committed 8472K, reserved 1048576K
}
Event: 159.023 GC heap before
{Heap before GC invocations=26 (full 0):
 garbage-first heap   total 133120K, used 110384K [0x0000000080000000, 0x0000000100000000)
  region size 1024K, 72 young (73728K), 4 survivors (4096K)
 Metaspace       used 64231K, capacity 65604K, committed 65816K, reserved 1105920K
  class space    used 7915K, capacity 8423K, committed 8472K, reserved 1048576K
}
Event: 159.033 GC heap after
{Heap after GC invocations=27 (full 0):
 garbage-first heap   total 133120K, used 41906K [0x0000000080000000, 0x0000000100000000)
  region size 1024K, 4 young (4096K), 4 survivors (4096K)
 Metaspace       used 64231K, capacity 65604K, committed 65816K, reserved 1105920K
  class space    used 7915K, capacity 8423K, committed 8472K, reserved 1048576K
}
Event: 180.197 GC heap before
{Heap before GC invocations=27 (full 0):
 garbage-first heap   total 133120K, used 110514K [0x0000000080000000, 0x0000000100000000)
  region size 1024K, 72 young (73728K), 4 survivors (4096K)
 Metaspace       used 64252K, capacity 65605K, committed 65816K, reserved 1105920K
  class space    used 7915K, capacity 8423K, committed 8472K, reserved 1048576K
}
Event: 180.207 GC heap after
{Heap after GC invocations=28 (full 0):
 garbage-first heap   total 133120K, used 41746K [0x0000000080000000, 0x0000000100000000)
  region size 1024K, 4 young (4096K), 4 survivors (4096K)
 Metaspace       used 64252K, capacity 65605K, committed 65816K, reserved 1105920K
  class space    used 7915K, capacity 8423K, committed 8472K, reserved 1048576K
}
Event: 209.535 GC heap before
{Heap before GC invocations=28 (full 0):
 garbage-first heap   total 133120K, used 112402K [0x0000000080000000, 0x0000000100000000)
  region size 1024K, 73 young (74752K), 4 survivors (4096K)
 Metaspace       used 64483K, capacity 65914K, committed 66200K, reserved 1107968K
  class space    used 7932K, capacity 8460K, committed 8600K, reserved 1048576K
}
Event: 209.540 GC heap after
{Heap after GC invocations=29 (full 0):
 garbage-first heap   total 133120K, used 42076K [0x0000000080000000, 0x0000000100000000)
  region size 1024K, 4 young (4096K), 4 survivors (4096K)
 Metaspace       used 64483K, capacity 65914K, committed 66200K, reserved 1107968K
  class space    used 7932K, capacity 8460K, committed 8600K, reserved 1048576K
}
Event: 210.150 GC heap before
{Heap before GC invocations=29 (full 0):
 garbage-first heap   total 133120K, used 114780K [0x0000000080000000, 0x0000000100000000)
  region size 1024K, 73 young (74752K), 4 survivors (4096K)
 Metaspace       used 64680K, capacity 66106K, committed 66456K, reserved 1107968K
  class space    used 7933K, capacity 8460K, committed 8600K, reserved 1048576K
}
Event: 210.156 GC heap after
{Heap after GC invocations=30 (full 0):
 garbage-first heap   total 133120K, used 44846K [0x0000000080000000, 0x0000000100000000)
  region size 1024K, 5 young (5120K), 5 survivors (5120K)
 Metaspace       used 64680K, capacity 66106K, committed 66456K, reserved 1107968K
  class space    used 7933K, capacity 8460K, committed 8600K, reserved 1048576K
}
Event: 210.540 GC heap before
{Heap before GC invocations=30 (full 0):
 garbage-first heap   total 133120K, used 112430K [0x0000000080000000, 0x0000000100000000)
  region size 1024K, 72 young (73728K), 5 survivors (5120K)
 Metaspace       used 64682K, capacity 66106K, committed 66456K, reserved 1107968K
  class space    used 7933K, capacity 8460K, committed 8600K, reserved 1048576K
}
Event: 210.547 GC heap after
{Heap after GC invocations=31 (full 0):
 garbage-first heap   total 133120K, used 45344K [0x0000000080000000, 0x0000000100000000)
  region size 1024K, 5 young (5120K), 5 survivors (5120K)
 Metaspace       used 64682K, capacity 66106K, committed 66456K, reserved 1107968K
  class space    used 7933K, capacity 8460K, committed 8600K, reserved 1048576K
}
Event: 210.906 GC heap before
{Heap before GC invocations=31 (full 0):
 garbage-first heap   total 133120K, used 112928K [0x0000000080000000, 0x0000000100000000)
  region size 1024K, 72 young (73728K), 5 survivors (5120K)
 Metaspace       used 64687K, capacity 66106K, committed 66456K, reserved 1107968K
  class space    used 7933K, capacity 8460K, committed 8600K, reserved 1048576K
}
Event: 210.913 GC heap after
{Heap after GC invocations=32 (full 0):
 garbage-first heap   total 133120K, used 45582K [0x0000000080000000, 0x0000000100000000)
  region size 1024K, 4 young (4096K), 4 survivors (4096K)
 Metaspace       used 64687K, capacity 66106K, committed 66456K, reserved 1107968K
  class space    used 7933K, capacity 8460K, committed 8600K, reserved 1048576K
}
Event: 211.241 GC heap before
{Heap before GC invocations=32 (full 0):
 garbage-first heap   total 133120K, used 113166K [0x0000000080000000, 0x0000000100000000)
  region size 1024K, 71 young (72704K), 4 survivors (4096K)
 Metaspace       used 64691K, capacity 66106K, committed 66456K, reserved 1107968K
  class space    used 7933K, capacity 8460K, committed 8600K, reserved 1048576K
}
Event: 211.247 GC heap after
{Heap after GC invocations=33 (full 0):
 garbage-first heap   total 133120K, used 45582K [0x0000000080000000, 0x0000000100000000)
  region size 1024K, 4 young (4096K), 4 survivors (4096K)
 Metaspace       used 64691K, capacity 66106K, committed 66456K, reserved 1107968K
  class space    used 7933K, capacity 8460K, committed 8600K, reserved 1048576K
}
Event: 211.517 GC heap before
{Heap before GC invocations=33 (full 0):
 garbage-first heap   total 133120K, used 114190K [0x0000000080000000, 0x0000000100000000)
  region size 1024K, 71 young (72704K), 4 survivors (4096K)
 Metaspace       used 64692K, capacity 66106K, committed 66456K, reserved 1107968K
  class space    used 7933K, capacity 8460K, committed 8600K, reserved 1048576K
}
Event: 211.523 GC heap after
{Heap after GC invocations=34 (full 0):
 garbage-first heap   total 133120K, used 46161K [0x0000000080000000, 0x0000000100000000)
  region size 1024K, 5 young (5120K), 5 survivors (5120K)
 Metaspace       used 64692K, capacity 66106K, committed 66456K, reserved 1107968K
  class space    used 7933K, capacity 8460K, committed 8600K, reserved 1048576K
}

