# JRE version: OpenJDK Runtime Environment (11.0.11+9) (build 11.0.11+9-b60-7590822)
# Java VM: OpenJDK 64-Bit Server VM (11.0.11+9-b60-7590822, mixed mode, tiered, compressed oops, g1 gc, windows-amd64)
Heap:
 garbage-first heap   total 159744K, used 89168K [0x0000000080000000, 0x0000000100000000)
  region size 1024K, 31 young (31744K), 4 survivors (4096K)
 Metaspace       used 48402K, capacity 49627K, committed 49948K, reserved 1093632K
  class space    used 6212K, capacity 6659K, committed 6784K, reserved 1048576K
GC Heap History (20 events):
Event: 14.072 GC heap before
{Heap before GC invocations=41 (full 0):
 garbage-first heap   total 110592K, used 88955K [0x0000000080000000, 0x0000000100000000)
  region size 1024K, 35 young (35840K), 5 survivors (5120K)
 Metaspace       used 48383K, capacity 49627K, committed 49948K, reserved 1093632K
  class space    used 6212K, capacity 6659K, committed 6784K, reserved 1048576K
}
Event: 14.080 GC heap after
{Heap after GC invocations=42 (full 0):
 garbage-first heap   total 110592K, used 59297K [0x0000000080000000, 0x0000000100000000)
  region size 1024K, 1 young (1024K), 1 survivors (1024K)
 Metaspace       used 48383K, capacity 49627K, committed 49948K, reserved 1093632K
  class space    used 6212K, capacity 6659K, committed 6784K, reserved 1048576K
}
Event: 14.379 GC heap before
{Heap before GC invocations=43 (full 0):
 garbage-first heap   total 110592K, used 90017K [0x0000000080000000, 0x0000000100000000)
  region size 1024K, 31 young (31744K), 1 survivors (1024K)
 Metaspace       used 48398K, capacity 49627K, committed 49948K, reserved 1093632K
  class space    used 6212K, capacity 6659K, committed 6784K, reserved 1048576K
}
Event: 14.383 GC heap after
{Heap after GC invocations=44 (full 0):
 garbage-first heap   total 133120K, used 59037K [0x0000000080000000, 0x0000000100000000)
  region size 1024K, 1 young (1024K), 1 survivors (1024K)
 Metaspace       used 48398K, capacity 49627K, committed 49948K, reserved 1093632K
  class space    used 6212K, capacity 6659K, committed 6784K, reserved 1048576K
}
Event: 14.735 GC heap before
{Heap before GC invocations=44 (full 0):
 garbage-first heap   total 133120K, used 98973K [0x0000000080000000, 0x0000000100000000)
  region size 1024K, 40 young (40960K), 1 survivors (1024K)
 Metaspace       used 48398K, capacity 49627K, committed 49948K, reserved 1093632K
  class space    used 6212K, capacity 6659K, committed 6784K, reserved 1048576K
}
Event: 14.737 GC heap after
{Heap after GC invocations=45 (full 0):
 garbage-first heap   total 133120K, used 59205K [0x0000000080000000, 0x0000000100000000)
  region size 1024K, 1 young (1024K), 1 survivors (1024K)
 Metaspace       used 48398K, capacity 49627K, committed 49948K, reserved 1093632K
  class space    used 6212K, capacity 6659K, committed 6784K, reserved 1048576K
}
Event: 15.034 GC heap before
{Heap before GC invocations=45 (full 0):
 garbage-first heap   total 133120K, used 101189K [0x0000000080000000, 0x0000000100000000)
  region size 1024K, 42 young (43008K), 1 survivors (1024K)
 Metaspace       used 48398K, capacity 49627K, committed 49948K, reserved 1093632K
  class space    used 6212K, capacity 6659K, committed 6784K, reserved 1048576K
}
Event: 15.038 GC heap after
{Heap after GC invocations=46 (full 0):
 garbage-first heap   total 133120K, used 59613K [0x0000000080000000, 0x0000000100000000)
  region size 1024K, 2 young (2048K), 2 survivors (2048K)
 Metaspace       used 48398K, capacity 49627K, committed 49948K, reserved 1093632K
  class space    used 6212K, capacity 6659K, committed 6784K, reserved 1048576K
}
Event: 15.325 GC heap before
{Heap before GC invocations=46 (full 0):
 garbage-first heap   total 133120K, used 102621K [0x0000000080000000, 0x0000000100000000)
  region size 1024K, 44 young (45056K), 2 survivors (2048K)
 Metaspace       used 48398K, capacity 49627K, committed 49948K, reserved 1093632K
  class space    used 6212K, capacity 6659K, committed 6784K, reserved 1048576K
}
Event: 15.328 GC heap after
{Heap after GC invocations=47 (full 0):
 garbage-first heap   total 133120K, used 60110K [0x0000000080000000, 0x0000000100000000)
  region size 1024K, 2 young (2048K), 2 survivors (2048K)
 Metaspace       used 48398K, capacity 49627K, committed 49948K, reserved 1093632K
  class space    used 6212K, capacity 6659K, committed 6784K, reserved 1048576K
}
Event: 15.664 GC heap before
{Heap before GC invocations=47 (full 0):
 garbage-first heap   total 133120K, used 108238K [0x0000000080000000, 0x0000000100000000)
  region size 1024K, 49 young (50176K), 2 survivors (2048K)
 Metaspace       used 48398K, capacity 49627K, committed 49948K, reserved 1093632K
  class space    used 6212K, capacity 6659K, committed 6784K, reserved 1048576K
}
Event: 15.667 GC heap after
{Heap after GC invocations=48 (full 0):
 garbage-first heap   total 133120K, used 60436K [0x0000000080000000, 0x0000000100000000)
  region size 1024K, 2 young (2048K), 2 survivors (2048K)
 Metaspace       used 48398K, capacity 49627K, committed 49948K, reserved 1093632K
  class space    used 6212K, capacity 6659K, committed 6784K, reserved 1048576K
}
Event: 15.989 GC heap before
{Heap before GC invocations=48 (full 0):
 garbage-first heap   total 133120K, used 108564K [0x0000000080000000, 0x0000000100000000)
  region size 1024K, 49 young (50176K), 2 survivors (2048K)
 Metaspace       used 48398K, capacity 49627K, committed 49948K, reserved 1093632K
  class space    used 6212K, capacity 6659K, committed 6784K, reserved 1048576K
}
Event: 15.993 GC heap after
{Heap after GC invocations=49 (full 0):
 garbage-first heap   total 133120K, used 60718K [0x0000000080000000, 0x0000000100000000)
  region size 1024K, 3 young (3072K), 3 survivors (3072K)
 Metaspace       used 48398K, capacity 49627K, committed 49948K, reserved 1093632K
  class space    used 6212K, capacity 6659K, committed 6784K, reserved 1048576K
}
Event: 16.344 GC heap before
{Heap before GC invocations=49 (full 0):
 garbage-first heap   total 133120K, used 108846K [0x0000000080000000, 0x0000000100000000)
  region size 1024K, 50 young (51200K), 3 survivors (3072K)
 Metaspace       used 48398K, capacity 49627K, committed 49948K, reserved 1093632K
  class space    used 6212K, capacity 6659K, committed 6784K, reserved 1048576K
}
Event: 16.348 GC heap after
{Heap after GC invocations=50 (full 0):
 garbage-first heap   total 133120K, used 61318K [0x0000000080000000, 0x0000000100000000)
  region size 1024K, 3 young (3072K), 3 survivors (3072K)
 Metaspace       used 48398K, capacity 49627K, committed 49948K, reserved 1093632K
  class space    used 6212K, capacity 6659K, committed 6784K, reserved 1048576K
}
Event: 16.690 GC heap before
{Heap before GC invocations=50 (full 0):
 garbage-first heap   total 133120K, used 110470K [0x0000000080000000, 0x0000000100000000)
  region size 1024K, 51 young (52224K), 3 survivors (3072K)
 Metaspace       used 48398K, capacity 49627K, committed 49948K, reserved 1093632K
  class space    used 6212K, capacity 6659K, committed 6784K, reserved 1048576K
}
Event: 16.697 GC heap after
{Heap after GC invocations=51 (full 0):
 garbage-first heap   total 159744K, used 61866K [0x0000000080000000, 0x0000000100000000)
  region size 1024K, 4 young (4096K), 4 survivors (4096K)
 Metaspace       used 48398K, capacity 49627K, committed 49948K, reserved 1093632K
  class space    used 6212K, capacity 6659K, committed 6784K, reserved 1048576K
}
Event: 17.058 GC heap before
{Heap before GC invocations=51 (full 0):
 garbage-first heap   total 159744K, used 118186K [0x0000000080000000, 0x0000000100000000)
  region size 1024K, 59 young (60416K), 4 survivors (4096K)
 Metaspace       used 48398K, capacity 49627K, committed 49948K, reserved 1093632K
  class space    used 6212K, capacity 6659K, committed 6784K, reserved 1048576K
}
Event: 17.063 GC heap after
{Heap after GC invocations=52 (full 0):
 garbage-first heap   total 159744K, used 62034K [0x0000000080000000, 0x0000000100000000)
  region size 1024K, 4 young (4096K), 4 survivors (4096K)
 Metaspace       used 48398K, capacity 49627K, committed 49948K, reserved 1093632K
  class space    used 6212K, capacity 6659K, committed 6784K, reserved 1048576K
}

